<?xml version="1.0" encoding="UTF-8"?>
<!-- Generated by org.testng.reporters.JUnitReportReporter -->
<testsuite hostname="DESKTOP-H6H3NOO" failures="0" tests="2" name="TestClass.VerifyUrlOfSignUpPageOfCousera" time="30.009" errors="0" timestamp="2023-04-04T11:14:24 IST" skipped="0">
  <testcase classname="TestClass.VerifyUrlOfSignUpPageOfCousera" name="VerifyTextMassageOfSignUpPage" time="18.236"/>
  <system-out/>
  <testcase classname="TestClass.VerifyUrlOfSignUpPageOfCousera" name="VerifyUrlOfSignUpPage" time="11.773"/>
  <system-out/>
</testsuite> <!-- TestClass.VerifyUrlOfSignUpPageOfCousera -->
