<?xml version="1.0" encoding="UTF-8"?>
<!-- Generated by org.testng.reporters.JUnitReportReporter -->
<testsuite hostname="DESKTOP-H6H3NOO" failures="0" tests="1" name="TestClass.VerifyTextMassageOfFrontPage" time="8.756" errors="0" timestamp="2023-04-04T11:15:16 IST" skipped="0">
  <testcase classname="TestClass.VerifyTextMassageOfFrontPage" name="verfiymassageonForontPage" time="8.756"/>
  <system-out/>
</testsuite> <!-- TestClass.VerifyTextMassageOfFrontPage -->
